2026-05-07 21:03:18,458 - INFO - Extraindo repositórios GitHub
2026-05-07 21:03:35,690 - INFO - Extraindo repositórios GitHub
2026-05-07 21:06:03,904 - INFO - Extraindo repositórios GitHub
2026-05-07 21:06:06,485 - INFO - Salvando RAW: github_raw
2026-05-07 21:06:06,671 - INFO - Extraindo commits: build-your-own-x
2026-05-07 21:06:07,637 - INFO - Salvando RAW: github_raw
2026-05-07 21:06:07,670 - INFO - Extraindo issues: build-your-own-x
2026-05-07 21:06:08,640 - INFO - Salvando RAW: github_raw
2026-05-07 21:06:08,647 - INFO - Extraindo PRs: build-your-own-x
2026-05-07 21:06:09,745 - INFO - Salvando RAW: github_raw
2026-05-07 21:06:09,763 - INFO - Extraindo commits: awesome
2026-05-07 21:06:10,599 - INFO - Salvando RAW: github_raw
2026-05-07 21:06:10,618 - INFO - Extraindo issues: awesome
2026-05-07 21:06:11,791 - INFO - Salvando RAW: github_raw
2026-05-07 21:06:11,818 - INFO - Extraindo PRs: awesome
2026-05-07 21:06:13,070 - INFO - Salvando RAW: github_raw
2026-05-07 21:06:13,094 - INFO - Extraindo commits: freeCodeCamp
2026-05-07 21:06:13,924 - INFO - Salvando RAW: github_raw
2026-05-07 21:06:13,932 - INFO - Extraindo issues: freeCodeCamp
2026-05-07 21:06:15,121 - INFO - Salvando RAW: github_raw
2026-05-07 21:06:15,131 - INFO - Extraindo PRs: freeCodeCamp
2026-05-07 21:06:16,435 - INFO - Salvando RAW: github_raw
2026-05-07 21:06:16,458 - INFO - Extraindo commits: public-apis
2026-05-07 21:06:17,326 - INFO - Salvando RAW: github_raw
2026-05-07 21:06:17,335 - INFO - Extraindo issues: public-apis
2026-05-07 21:06:18,415 - INFO - Salvando RAW: github_raw
2026-05-07 21:06:18,423 - INFO - Extraindo PRs: public-apis
2026-05-07 21:06:19,733 - INFO - Salvando RAW: github_raw
2026-05-07 21:06:19,753 - INFO - Extraindo commits: free-programming-books
2026-05-07 21:06:20,637 - INFO - Salvando RAW: github_raw
2026-05-07 21:06:20,647 - INFO - Extraindo issues: free-programming-books
2026-05-07 21:06:21,620 - INFO - Salvando RAW: github_raw
2026-05-07 21:06:21,637 - INFO - Extraindo PRs: free-programming-books
2026-05-07 21:06:22,900 - INFO - Salvando RAW: github_raw
2026-05-07 21:06:22,934 - INFO - Extraindo perguntas StackOverflow
2026-05-07 21:06:23,832 - INFO - Salvando RAW: stackoverflow_raw
2026-05-07 21:06:23,846 - INFO - Extraindo respostas StackOverflow
2026-05-07 21:06:24,884 - INFO - Salvando RAW: stackoverflow_raw
2026-05-07 21:06:24,912 - INFO - EXTRAÇĂO FINALIZADA
2026-05-07 21:09:55,519 - INFO - Extraindo repositórios GitHub
2026-05-07 21:09:57,749 - INFO - Salvando RAW: github_raw
2026-05-07 21:09:57,866 - INFO - Extraindo commits: build-your-own-x
2026-05-07 21:09:58,983 - INFO - Salvando RAW: github_raw
2026-05-07 21:09:58,993 - INFO - Extraindo issues: build-your-own-x
2026-05-07 21:10:00,084 - INFO - Salvando RAW: github_raw
2026-05-07 21:10:00,106 - INFO - Extraindo PRs: build-your-own-x
2026-05-07 21:10:01,325 - INFO - Salvando RAW: github_raw
2026-05-07 21:10:01,349 - INFO - Extraindo commits: awesome
2026-05-07 21:10:02,329 - INFO - Salvando RAW: github_raw
2026-05-07 21:10:02,337 - INFO - Extraindo issues: awesome
2026-05-07 21:10:03,649 - INFO - Salvando RAW: github_raw
2026-05-07 21:10:03,677 - INFO - Extraindo PRs: awesome
2026-05-07 21:10:04,832 - INFO - Salvando RAW: github_raw
2026-05-07 21:10:04,875 - INFO - Extraindo commits: freeCodeCamp
2026-05-07 21:10:05,671 - INFO - Salvando RAW: github_raw
2026-05-07 21:10:05,686 - INFO - Extraindo issues: freeCodeCamp
2026-05-07 21:10:06,786 - INFO - Salvando RAW: github_raw
2026-05-07 21:10:06,801 - INFO - Extraindo PRs: freeCodeCamp
2026-05-07 21:10:08,196 - INFO - Salvando RAW: github_raw
2026-05-07 21:10:08,237 - INFO - Extraindo commits: public-apis
2026-05-07 21:10:09,131 - INFO - Salvando RAW: github_raw
2026-05-07 21:10:09,154 - INFO - Extraindo issues: public-apis
2026-05-07 21:10:10,111 - INFO - Salvando RAW: github_raw
2026-05-07 21:10:10,134 - INFO - Extraindo PRs: public-apis
2026-05-07 21:10:11,404 - INFO - Salvando RAW: github_raw
2026-05-07 21:10:11,429 - INFO - Extraindo commits: free-programming-books
2026-05-07 21:10:12,386 - INFO - Salvando RAW: github_raw
2026-05-07 21:10:12,395 - INFO - Extraindo issues: free-programming-books
2026-05-07 21:10:14,565 - INFO - Salvando RAW: github_raw
2026-05-07 21:10:14,575 - INFO - Extraindo PRs: free-programming-books
2026-05-07 21:10:15,701 - INFO - Salvando RAW: github_raw
2026-05-07 21:10:15,737 - INFO - Extraindo perguntas StackOverflow
2026-05-07 21:10:16,907 - INFO - Salvando RAW: stackoverflow_raw
2026-05-07 21:10:16,920 - INFO - Extraindo respostas StackOverflow
2026-05-07 21:10:17,958 - INFO - Salvando RAW: stackoverflow_raw
2026-05-07 21:10:17,967 - INFO - EXTRAÇĂO FINALIZADA
2026-05-08 03:27:49,548 - INFO - Extraindo repositórios GitHub
2026-05-08 03:29:38,877 - INFO - Extraindo repositórios GitHub
2026-05-08 03:30:20,062 - INFO - Extraindo repositórios GitHub
2026-05-08 03:30:22,013 - INFO - Salvando RAW: github_raw
2026-05-08 03:30:22,135 - INFO - Extraindo commits: build-your-own-x
2026-05-08 03:30:22,858 - INFO - Salvando RAW: github_raw
2026-05-08 03:30:22,883 - INFO - Extraindo issues: build-your-own-x
2026-05-08 03:30:23,842 - INFO - Salvando RAW: github_raw
2026-05-08 03:30:23,850 - INFO - Extraindo PRs: build-your-own-x
2026-05-08 03:30:25,059 - INFO - Salvando RAW: github_raw
2026-05-08 03:30:25,099 - INFO - Extraindo commits: awesome
2026-05-08 03:30:25,846 - INFO - Salvando RAW: github_raw
2026-05-08 03:30:25,869 - INFO - Extraindo issues: awesome
2026-05-08 03:30:26,951 - INFO - Salvando RAW: github_raw
2026-05-08 03:30:26,980 - INFO - Extraindo PRs: awesome
2026-05-08 03:30:28,159 - INFO - Salvando RAW: github_raw
2026-05-08 03:30:28,206 - INFO - Extraindo commits: freeCodeCamp
2026-05-08 03:30:28,972 - INFO - Salvando RAW: github_raw
2026-05-08 03:30:28,983 - INFO - Extraindo issues: freeCodeCamp
2026-05-08 03:30:30,076 - INFO - Salvando RAW: github_raw
2026-05-08 03:30:30,104 - INFO - Extraindo PRs: freeCodeCamp
2026-05-08 03:30:31,376 - INFO - Salvando RAW: github_raw
2026-05-08 03:30:31,418 - INFO - Extraindo commits: public-apis
2026-05-08 03:30:32,155 - INFO - Salvando RAW: github_raw
2026-05-08 03:30:32,166 - INFO - Extraindo issues: public-apis
2026-05-08 03:30:33,159 - INFO - Salvando RAW: github_raw
2026-05-08 03:30:33,182 - INFO - Extraindo PRs: public-apis
2026-05-08 03:30:34,416 - INFO - Salvando RAW: github_raw
2026-05-08 03:30:34,455 - INFO - Extraindo commits: free-programming-books
2026-05-08 03:30:35,294 - INFO - Salvando RAW: github_raw
2026-05-08 03:30:35,317 - INFO - Extraindo issues: free-programming-books
2026-05-08 03:30:36,186 - INFO - Salvando RAW: github_raw
2026-05-08 03:30:36,197 - INFO - Extraindo PRs: free-programming-books
2026-05-08 03:30:37,502 - INFO - Salvando RAW: github_raw
2026-05-08 03:30:37,529 - INFO - Extraindo commits: openclaw
2026-05-08 03:30:38,364 - INFO - Salvando RAW: github_raw
2026-05-08 03:30:38,387 - INFO - Extraindo issues: openclaw
2026-05-08 03:30:39,335 - INFO - Salvando RAW: github_raw
2026-05-08 03:30:39,362 - INFO - Extraindo PRs: openclaw
2026-05-08 03:30:40,407 - INFO - Salvando RAW: github_raw
2026-05-08 03:30:40,450 - INFO - Extraindo commits: developer-roadmap
2026-05-08 03:30:41,208 - INFO - Salvando RAW: github_raw
2026-05-08 03:30:41,217 - INFO - Extraindo issues: developer-roadmap
2026-05-08 03:30:42,039 - INFO - Salvando RAW: github_raw
2026-05-08 03:30:42,058 - INFO - Extraindo PRs: developer-roadmap
2026-05-08 03:30:42,774 - INFO - Salvando RAW: github_raw
2026-05-08 03:30:42,797 - INFO - Extraindo commits: system-design-primer
2026-05-08 03:30:43,981 - INFO - Salvando RAW: github_raw
2026-05-08 03:30:44,004 - INFO - Extraindo issues: system-design-primer
2026-05-08 03:30:45,058 - INFO - Salvando RAW: github_raw
2026-05-08 03:30:45,068 - INFO - Extraindo PRs: system-design-primer
2026-05-08 03:30:46,412 - INFO - Salvando RAW: github_raw
2026-05-08 03:30:46,439 - INFO - Extraindo commits: coding-interview-university
2026-05-08 03:30:47,245 - INFO - Salvando RAW: github_raw
2026-05-08 03:30:47,254 - INFO - Extraindo issues: coding-interview-university
2026-05-08 03:30:48,265 - INFO - Salvando RAW: github_raw
2026-05-08 03:30:48,275 - INFO - Extraindo PRs: coding-interview-university
2026-05-08 03:30:51,509 - INFO - Salvando RAW: github_raw
2026-05-08 03:30:51,548 - INFO - Extraindo commits: awesome-python
2026-05-08 03:30:52,309 - INFO - Salvando RAW: github_raw
2026-05-08 03:30:52,332 - INFO - Extraindo issues: awesome-python
2026-05-08 03:30:53,235 - INFO - Salvando RAW: github_raw
2026-05-08 03:30:53,254 - INFO - Extraindo PRs: awesome-python
2026-05-08 03:30:53,914 - INFO - Salvando RAW: github_raw
2026-05-08 03:30:53,920 - INFO - Extraindo perguntas StackOverflow
2026-05-08 03:30:54,537 - INFO - Salvando RAW: stackoverflow_raw
2026-05-08 03:30:54,557 - INFO - Extraindo respostas StackOverflow
2026-05-08 03:30:55,186 - INFO - Salvando RAW: stackoverflow_raw
